<<<<<<< HEAD
INFO:  latexindent.pl version 3.13.2, 2021-11-15, a script to indent .tex files
       latexindent.pl lives here: C:/Users/rassod/AppData/Local/Programs/MiKTeX/scripts/latexindent/
       Wed Jan 19 08:23:29 2022
       Filename: c:/Users/rassod/Documents/MathInitLatex-1/Factorizing Polynomials/Part 1/__latexindent_temp.tex
INFO:  Processing switches:
       -y|--yaml: YAML settings specified via command line
       -c|--cruft: cruft directory
INFO:  Directory for backup files and c:/Users/rassod/Documents/MathInitLatex-1/Algebraic Identities/Part 4//indent.log: c:/Users/rassod/Documents/MathInitLatex-1/Algebraic Identities/Part 4/
=======
INFO:  latexindent.pl version 3.14, 2022-01-08, a script to indent .tex files
       latexindent.pl lives here: C:/Users/Rasmus/AppData/Local/Programs/MiKTeX/scripts/latexindent/
       Tue Jan 18 12:26:26 2022
       Filename: d:/Rasmus/Documents/Github/MathInitLatex/Factorizing Polynomials/Part 1/__latexindent_temp.tex
INFO:  Processing switches:
       -y|--yaml: YAML settings specified via command line
       -c|--cruft: cruft directory
INFO:  Directory for backup files and d:/Rasmus/Documents/Github/MathInitLatex/Algebraic Identities/Part 4//indent.log: d:/Rasmus/Documents/Github/MathInitLatex/Algebraic Identities/Part 4/
>>>>>>> 1bb2bbd43577de81abd2c5e425ff9c12ca3b7b00
INFO:  Perl modules are being loaded from the following directories:
       C:/Strawberry/perl/lib/FindBin.pm
       C:/Strawberry/perl/vendor/lib/YAML/Tiny.pm
       C:/Strawberry/perl/lib/File/Copy.pm
       C:/Strawberry/perl/lib/File/Basename.pm
       C:/Strawberry/perl/lib/Getopt/Long.pm
       C:/Strawberry/perl/vendor/lib/File/HomeDir.pm
       C:/Strawberry/perl/vendor/lib/Unicode/GCString.pm
INFO:  LatexIndent perl modules are being loaded from, for example:
<<<<<<< HEAD
       C:/Users/rassod/AppData/Local/Programs/MiKTeX/scripts/latexindent/LatexIndent/Document.pm
INFO:  YAML settings read: defaultSettings.yaml
       Reading defaultSettings.yaml from C:/Users/rassod/AppData/Local/Programs/MiKTeX/scripts/latexindent/defaultSettings.yaml
INFO:  YAML settings read: indentconfig.yaml or .indentconfig.yaml
       Home directory is C:\Users\rassod (didn't find either indentconfig.yaml or .indentconfig.yaml)
       To specify user settings you would put indentconfig.yaml here: C:\Users\rassod/indentconfig.yaml
       Alternatively, you can use the hidden file .indentconfig.yaml as: C:\Users\rassod/.indentconfig.yaml
=======
       C:/Users/Rasmus/AppData/Local/Programs/MiKTeX/scripts/latexindent/LatexIndent/Document.pm
INFO:  YAML settings read: defaultSettings.yaml
       Reading defaultSettings.yaml from C:/Users/Rasmus/AppData/Local/Programs/MiKTeX/scripts/latexindent/defaultSettings.yaml
INFO:  YAML settings read: indentconfig.yaml or .indentconfig.yaml
       Home directory is C:\Users\Rasmus (didn't find either indentconfig.yaml or .indentconfig.yaml)
       To specify user settings you would put indentconfig.yaml here: C:\Users\Rasmus/indentconfig.yaml
       Alternatively, you can use the hidden file .indentconfig.yaml as: C:\Users\Rasmus/.indentconfig.yaml
>>>>>>> 1bb2bbd43577de81abd2c5e425ff9c12ca3b7b00
INFO:  YAML settings read: -y switch
       YAML setting: defaultIndent:'    '
       single-quoted string found in -y switch: '    ', substitute to     
       Updating mainSettings with defaultIndent:     
INFO:  Phase 1: searching for objects
INFO:  Phase 2: finding surrounding indentation
INFO:  Phase 3: indenting objects
INFO:  Phase 4: final indentation check
INFO:  Output routine:
       Not outputting to file; see -w and -o switches for more options.
       --------------
INFO:  Please direct all communication/issues to:
        https://github.com/cmhughes/latexindent.pl
